<?xml version="1.0" encoding="UTF-8"?>
<!-- Generated by org.testng.reporters.JUnitXMLReporter -->
<testsuite ignored="0" hostname="C02YX249LVCG" failures="4" tests="11" name="Test" time="92.072" errors="0" timestamp="14 Nov 2022 18:20:33 GMT">
  <testcase classname="com.training.test.SfdcLoginTest" name="TC01loginInvalidPassword" time="0.153">
    <failure type="java.lang.IllegalArgumentException" message="Keys to send should be a not null CharSequence">
      <![CDATA[java.lang.IllegalArgumentException: Keys to send should be a not null CharSequence
at org.openqa.selenium.remote.RemoteWebElement.sendKeys(RemoteWebElement.java:97)
at org.openqa.selenium.support.pagefactory.internal.LocatingElementHandler.invoke(LocatingElementHandler.java:51)
at jdk.proxy2/jdk.proxy2.$Proxy14.sendKeys(Unknown Source)
at com.training.base.BasePage.enterText(BasePage.java:37)
at com.training.pages.LoginPage.enterIntousername(LoginPage.java:53)
at com.training.test.SfdcLoginTest.TC01loginInvalidPassword(SfdcLoginTest.java:51)
... Removed 25 stack frames]]>
    </failure>
  </testcase> <!-- TC01loginInvalidPassword -->
  <testcase classname="com.training.test.SfdcLoginTest" name="TC02loginValidUsernamePassword" time="4.925"/>
  <testcase classname="com.training.test.SfdcLoginTest" name="TC03testUserNameRememberMeCheck" time="0.073">
    <failure type="java.lang.IllegalArgumentException" message="Keys to send should be a not null CharSequence">
      <![CDATA[java.lang.IllegalArgumentException: Keys to send should be a not null CharSequence
at org.openqa.selenium.remote.RemoteWebElement.sendKeys(RemoteWebElement.java:97)
at org.openqa.selenium.support.pagefactory.internal.LocatingElementHandler.invoke(LocatingElementHandler.java:51)
at jdk.proxy2/jdk.proxy2.$Proxy14.sendKeys(Unknown Source)
at com.training.base.BasePage.enterText(BasePage.java:37)
at com.training.pages.LoginPage.enterIntousername(LoginPage.java:53)
at com.training.test.SfdcLoginTest.TC03testUserNameRememberMeCheck(SfdcLoginTest.java:79)
... Removed 25 stack frames]]>
    </failure>
  </testcase> <!-- TC03testUserNameRememberMeCheck -->
  <testcase classname="com.training.test.SfdcLoginTest" name="TC4AtestForgotPassword" time="0.0">
    <failure type="org.testng.TestNGException" message="
Cannot inject @Test annotated Method [TC4AtestForgotPassword] with [class java.lang.String].
For more information on native dependency injection please refer to http://testng.org/doc/documentation-main.html#native-dependency-injection">
      <![CDATA[org.testng.TestNGException: 
Cannot inject @Test annotated Method [TC4AtestForgotPassword] with [class java.lang.String].
For more information on native dependency injection please refer to http://testng.org/doc/documentation-main.html#native-dependency-injection
... Removed 24 stack frames]]>
    </failure>
  </testcase> <!-- TC4AtestForgotPassword -->
  <testcase classname="com.training.test.SfdcLoginTest" name="TC4BvalidateLoginError" time="0.908"/>
  <testcase classname="com.training.test.HomeUserMenudropDownTest" name="TC05selectUserMenuForUsernameDropDown" time="5.657"/>
  <testcase classname="com.training.test.HomeUserMenudropDownTest" name="TC06selectMyProfileFromUserMenu" time="16.283"/>
  <testcase classname="com.training.test.HomeUserMenudropDownTest" name="TC07selectMySettingsFromUserMenu" time="12.893">
    <failure type="org.openqa.selenium.NoAlertPresentException" message="no such alert
  (Session info: chrome=107.0.5304.110)
Build info: version: &amp;apos;3.141.59&amp;apos;, revision: &amp;apos;e82be7d358&amp;apos;, time: &amp;apos;2018-11-14T08:17:03&amp;apos;
System info: host: &amp;apos;C02YX249LVCG&amp;apos;, ip: &amp;apos;fd7f:bd30:7848:43d8:47b:9bbb:c602:7bf1%en0&amp;apos;, os.name: &amp;apos;Mac OS X&amp;apos;, os.arch: &amp;apos;x86_64&amp;apos;, os.version: &amp;apos;12.6&amp;apos;, java.version: &amp;apos;18.0.2.1&amp;apos;
Driver info: org.openqa.selenium.chrome.ChromeDriver
Capabilities {acceptInsecureCerts: false, browserName: chrome, browserVersion: 107.0.5304.110, chrome: {chromedriverVersion: 107.0.5304.62 (1eec40d3a576..., userDataDir: /var/folders/wj/xt1ms7cn5nj...}, goog:chromeOptions: {debuggerAddress: localhost:50154}, javascriptEnabled: true, networkConnectionEnabled: false, pageLoadStrategy: normal, platform: MAC, platformName: MAC, proxy: Proxy(), setWindowRect: true, strictFileInteractability: false, timeouts: {implicit: 0, pageLoad: 300000, script: 30000}, unhandledPromptBehavior: dismiss and notify, webauthn:extension:credBlob: true, webauthn:extension:largeBlob: true, webauthn:virtualAuthenticators: true}
Session ID: 90be004e820c67bf80106b943e4dd8b6">
      <![CDATA[org.openqa.selenium.NoAlertPresentException: no such alert
  (Session info: chrome=107.0.5304.110)
Build info: version: '3.141.59', revision: 'e82be7d358', time: '2018-11-14T08:17:03'
System info: host: 'C02YX249LVCG', ip: 'fd7f:bd30:7848:43d8:47b:9bbb:c602:7bf1%en0', os.name: 'Mac OS X', os.arch: 'x86_64', os.version: '12.6', java.version: '18.0.2.1'
Driver info: org.openqa.selenium.chrome.ChromeDriver
Capabilities {acceptInsecureCerts: false, browserName: chrome, browserVersion: 107.0.5304.110, chrome: {chromedriverVersion: 107.0.5304.62 (1eec40d3a576..., userDataDir: /var/folders/wj/xt1ms7cn5nj...}, goog:chromeOptions: {debuggerAddress: localhost:50154}, javascriptEnabled: true, networkConnectionEnabled: false, pageLoadStrategy: normal, platform: MAC, platformName: MAC, proxy: Proxy(), setWindowRect: true, strictFileInteractability: false, timeouts: {implicit: 0, pageLoad: 300000, script: 30000}, unhandledPromptBehavior: dismiss and notify, webauthn:extension:credBlob: true, webauthn:extension:largeBlob: true, webauthn:virtualAuthenticators: true}
Session ID: 90be004e820c67bf80106b943e4dd8b6
at org.openqa.selenium.remote.http.W3CHttpResponseCodec.createException(W3CHttpResponseCodec.java:187)
at org.openqa.selenium.remote.http.W3CHttpResponseCodec.decode(W3CHttpResponseCodec.java:122)
at org.openqa.selenium.remote.http.W3CHttpResponseCodec.decode(W3CHttpResponseCodec.java:49)
at org.openqa.selenium.remote.HttpCommandExecutor.execute(HttpCommandExecutor.java:158)
at org.openqa.selenium.remote.service.DriverCommandExecutor.execute(DriverCommandExecutor.java:83)
at org.openqa.selenium.remote.RemoteWebDriver.execute(RemoteWebDriver.java:552)
at org.openqa.selenium.remote.RemoteWebDriver.execute(RemoteWebDriver.java:609)
at org.openqa.selenium.remote.RemoteWebDriver$RemoteTargetLocator.alert(RemoteWebDriver.java:932)
at com.training.pages.MySettingsPage.clickOnOpenTestRem(MySettingsPage.java:164)
at com.training.test.HomeUserMenudropDownTest.TC07selectMySettingsFromUserMenu(HomeUserMenudropDownTest.java:153)
... Removed 26 stack frames]]>
    </failure>
  </testcase> <!-- TC07selectMySettingsFromUserMenu -->
  <testcase classname="com.training.test.HomeUserMenudropDownTest" name="TC08clickOnDeveloperConsole" time="14.92"/>
  <testcase classname="com.training.test.HomeUserMenudropDownTest" name="TC09selectLogOutFromUserMenu" time="5.01"/>
  <testcase classname="com.training.test.HomeUserMenudropDownTest" name="validateHomeScreen" time="4.583"/>
</testsuite> <!-- Test -->
